<?xml version="1.0" encoding="UTF-8"?>
<!-- Generated by org.testng.reporters.JUnitReportReporter -->
<testsuite skipped="0" hostname="QA-COMPUTER" name="sistema.estudoTests" tests="1" failures="0" timestamp="11 mai 2018 19:10:49 GMT" time="0.026" errors="0">
  <testcase name="estudoTestandoClassMainTest" time="0.026" classname="sistema.estudoTests"/>
</testsuite> <!-- sistema.estudoTests -->
